#
# There is insufficient memory for the Java Runtime Environment to continue.
# Native memory allocation (malloc) failed to allocate 2807632 bytes for Chunk::new
# Possible reasons:
#   The system is out of physical RAM or swap space
#   In 32 bit mode, the process size limit was hit
# Possible solutions:
#   Reduce memory load on the system
#   Increase physical memory or swap space
#   Check if swap backing store is full
#   Use 64 bit Java on a 64 bit OS
#   Decrease Java heap size (-Xmx/-Xms)
#   Decrease number of Java threads
#   Decrease Java thread stack sizes (-Xss)
#   Set larger code cache with -XX:ReservedCodeCacheSize=
# This output file may be truncated or incomplete.
#
#  Out of Memory Error (allocation.cpp:390), pid=7684, tid=0x0000000000001d2c
#
# JRE version: Java(TM) SE Runtime Environment (8.0_181-b13) (build 1.8.0_181-b13)
# Java VM: Java HotSpot(TM) 64-Bit Server VM (25.181-b13 mixed mode windows-amd64 compressed oops)
# Failed to write core dump. Minidumps are not enabled by default on client versions of Windows
#

---------------  T H R E A D  ---------------

Current thread (0x0000000056743000):  JavaThread "C2 CompilerThread0" daemon [_thread_in_native, id=7468, stack(0x0000000057820000,0x0000000057920000)]

Stack: [0x0000000057820000,0x0000000057920000]
[error occurred during error reporting (printing stack bounds), id 0xc0000005]

Native frames: (J=compiled Java code, j=interpreted, Vv=VM code, C=native code)


Current CompileTask:
C2:   4717 3189       4       org.springframework.core.annotation.AnnotationUtils::adaptValue (182 bytes)


---------------  P R O C E S S  ---------------

Java Threads: ( => current thread )
  0x00000000588b2000 JavaThread "restartedMain" [_thread_in_native, id=7520, stack(0x0000000056c70000,0x0000000056d70000)]
  0x0000000059d6a000 JavaThread "Thread-1" [_thread_blocked, id=7516, stack(0x000000005ac70000,0x000000005ad70000)]
  0x00000000583ac000 JavaThread "RMI TCP Accept-0" daemon [_thread_in_native, id=7508, stack(0x0000000059700000,0x0000000059800000)]
  0x00000000581ff800 JavaThread "RMI TCP Accept-51610" daemon [_thread_in_native, id=7496, stack(0x0000000057280000,0x0000000057380000)]
  0x00000000581f7800 JavaThread "RMI TCP Accept-0" daemon [_thread_in_native, id=7476, stack(0x0000000059530000,0x0000000059630000)]
  0x00000000567c0800 JavaThread "Service Thread" daemon [_thread_blocked, id=5812, stack(0x0000000057b70000,0x0000000057c70000)]
  0x000000005674c800 JavaThread "C1 CompilerThread2" daemon [_thread_blocked, id=7436, stack(0x00000000579f0000,0x0000000057af0000)]
  0x0000000056749800 JavaThread "C2 CompilerThread1" daemon [_thread_in_native, id=7472, stack(0x0000000056470000,0x0000000056570000)]
=>0x0000000056743000 JavaThread "C2 CompilerThread0" daemon [_thread_in_native, id=7468, stack(0x0000000057820000,0x0000000057920000)]
  0x0000000056732800 JavaThread "JDWP Command Reader" daemon [_thread_in_native, id=7460, stack(0x00000000576c0000,0x00000000577c0000)]
  0x000000005672f000 JavaThread "JDWP Event Helper Thread" daemon [_thread_blocked, id=7456, stack(0x00000000574c0000,0x00000000575c0000)]
  0x0000000056727800 JavaThread "JDWP Transport Listener: dt_socket" daemon [_thread_blocked, id=7444, stack(0x00000000570a0000,0x00000000571a0000)]
  0x0000000056709800 JavaThread "Attach Listener" daemon [_thread_blocked, id=7652, stack(0x0000000056d90000,0x0000000056e90000)]
  0x00000000552ff000 JavaThread "Signal Dispatcher" daemon [_thread_blocked, id=7412, stack(0x0000000056b70000,0x0000000056c70000)]
  0x00000000552e4800 JavaThread "Finalizer" daemon [_thread_blocked, id=7500, stack(0x00000000565f0000,0x00000000566f0000)]
  0x000000005529b800 JavaThread "Reference Handler" daemon [_thread_blocked, id=7392, stack(0x0000000056360000,0x0000000056460000)]
  0x0000000002530800 JavaThread "main" [_thread_blocked, id=7356, stack(0x0000000002800000,0x0000000002900000)]

Other Threads:
  0x0000000055293800 VMThread [stack: 0x00000000561c0000,0x00000000562c0000] [id=7400]
  0x0000000058280800 WatcherThread [stack: 0x0000000059950000,0x0000000059a50000] [id=7512]

VM state:not at safepoint (normal execution)

VM Mutex/Monitor currently owned by a thread: None

Heap:
 PSYoungGen      total 113664K, used 60631K [0x00000000eac00000, 0x00000000f2780000, 0x0000000100000000)
  eden space 102400K, 48% used [0x00000000eac00000,0x00000000edc3d5d0,0x00000000f1000000)
  from space 11264K, 99% used [0x00000000f1000000,0x00000000f1af86c0,0x00000000f1b00000)
  to   space 10240K, 0% used [0x00000000f1b00000,0x00000000f1b00000,0x00000000f2500000)
 ParOldGen       total 37888K, used 14570K [0x00000000c0400000, 0x00000000c2900000, 0x00000000eac00000)
  object space 37888K, 38% used [0x00000000c0400000,0x00000000c123a8b8,0x00000000c2900000)
 Metaspace       used 32914K, capacity 34062K, committed 34176K, reserved 1079296K
  class space    used 4227K, capacity 4466K, committed 4480K, reserved 1048576K

Card table byte_map: [0x0000000011cc0000,0x0000000011ec0000] byte_map_base: 0x00000000116be000

Marking Bits: (ParMarkBitMap*) 0x000000006d722d00
 Begin Bits: [0x0000000012720000, 0x0000000013710000)
 End Bits:   [0x0000000013710000, 0x0000000014700000)

Polling page: 0x00000000001b0000

CodeCache: size=245760Kb used=13497Kb max_used=13497Kb free=232262Kb
 bounds [0x0000000002900000, 0x0000000003640000, 0x0000000011900000]
 total_blobs=4067 nmethods=3656 adapters=331
 compilation: enabled

Compilation events (10 events):
Event: 4.226 Thread 0x000000005674c800 3300       3       org.springframework.beans.TypeConverterDelegate::<init> (7 bytes)
Event: 4.226 Thread 0x000000005674c800 nmethod 3300 0x00000000034b8610 code [0x00000000034b8780, 0x00000000034b89b0]
Event: 4.226 Thread 0x000000005674c800 3301       3       org.springframework.beans.SimpleTypeConverter::<init> (21 bytes)
Event: 4.226 Thread 0x000000005674c800 nmethod 3301 0x00000000034b8ad0 code [0x00000000034b8c60, 0x00000000034b9150]
Event: 4.226 Thread 0x000000005674c800 3295       3       org.springframework.boot.context.properties.bind.PropertySourcesPlaceholdersResolver::<init> (36 bytes)
Event: 4.227 Thread 0x000000005674c800 nmethod 3295 0x00000000034b9390 code [0x00000000034b9500, 0x00000000034b9808]
Event: 4.227 Thread 0x000000005674c800 3296       3       org.springframework.boot.context.properties.bind.Bindable::ofInstance (20 bytes)
Event: 4.227 Thread 0x000000005674c800 nmethod 3296 0x00000000034b9910 code [0x00000000034b9b20, 0x00000000034ba408]
Event: 4.228 Thread 0x000000005674c800 3302       3       org.springframework.context.annotation.ConfigurationClassUtils::isFullConfigurationClass (15 bytes)
Event: 4.228 Thread 0x000000005674c800 nmethod 3302 0x00000000034ba990 code [0x00000000034bab00, 0x00000000034badb8]

GC Heap History (10 events):
Event: 1.566 GC heap before
{Heap before GC invocations=6 (full 0):
 PSYoungGen      total 35328K, used 33847K [0x00000000eac00000, 0x00000000ef900000, 0x0000000100000000)
  eden space 32768K, 95% used [0x00000000eac00000,0x00000000eca930f0,0x00000000ecc00000)
  from space 2560K, 99% used [0x00000000ecc00000,0x00000000ece7aba8,0x00000000ece80000)
  to   space 6656K, 0% used [0x00000000ef280000,0x00000000ef280000,0x00000000ef900000)
 ParOldGen       total 44032K, used 10802K [0x00000000c0400000, 0x00000000c2f00000, 0x00000000eac00000)
  object space 44032K, 24% used [0x00000000c0400000,0x00000000c0e8ca90,0x00000000c2f00000)
 Metaspace       used 20574K, capacity 21158K, committed 21248K, reserved 1067008K
  class space    used 2605K, capacity 2782K, committed 2816K, reserved 1048576K
Event: 1.572 GC heap after
Heap after GC invocations=6 (full 0):
 PSYoungGen      total 71168K, used 6632K [0x00000000eac00000, 0x00000000efb00000, 0x0000000100000000)
  eden space 64512K, 0% used [0x00000000eac00000,0x00000000eac00000,0x00000000eeb00000)
  from space 6656K, 99% used [0x00000000ef280000,0x00000000ef8fa3c0,0x00000000ef900000)
  to   space 7680K, 0% used [0x00000000eeb00000,0x00000000eeb00000,0x00000000ef280000)
 ParOldGen       total 44032K, used 10834K [0x00000000c0400000, 0x00000000c2f00000, 0x00000000eac00000)
  object space 44032K, 24% used [0x00000000c0400000,0x00000000c0e94b28,0x00000000c2f00000)
 Metaspace       used 20574K, capacity 21158K, committed 21248K, reserved 1067008K
  class space    used 2605K, capacity 2782K, committed 2816K, reserved 1048576K
}
Event: 1.572 GC heap before
{Heap before GC invocations=7 (full 1):
 PSYoungGen      total 71168K, used 6632K [0x00000000eac00000, 0x00000000efb00000, 0x0000000100000000)
  eden space 64512K, 0% used [0x00000000eac00000,0x00000000eac00000,0x00000000eeb00000)
  from space 6656K, 99% used [0x00000000ef280000,0x00000000ef8fa3c0,0x00000000ef900000)
  to   space 7680K, 0% used [0x00000000eeb00000,0x00000000eeb00000,0x00000000ef280000)
 ParOldGen       total 44032K, used 10834K [0x00000000c0400000, 0x00000000c2f00000, 0x00000000eac00000)
  object space 44032K, 24% used [0x00000000c0400000,0x00000000c0e94b28,0x00000000c2f00000)
 Metaspace       used 20574K, capacity 21158K, committed 21248K, reserved 1067008K
  class space    used 2605K, capacity 2782K, committed 2816K, reserved 1048576K
Event: 1.606 GC heap after
Heap after GC invocations=7 (full 1):
 PSYoungGen      total 71168K, used 0K [0x00000000eac00000, 0x00000000efb00000, 0x0000000100000000)
  eden space 64512K, 0% used [0x00000000eac00000,0x00000000eac00000,0x00000000eeb00000)
  from space 6656K, 0% used [0x00000000ef280000,0x00000000ef280000,0x00000000ef900000)
  to   space 7680K, 0% used [0x00000000eeb00000,0x00000000eeb00000,0x00000000ef280000)
 ParOldGen       total 37888K, used 10090K [0x00000000c0400000, 0x00000000c2900000, 0x00000000eac00000)
  object space 37888K, 26% used [0x00000000c0400000,0x00000000c0dda930,0x00000000c2900000)
 Metaspace       used 20573K, capacity 21152K, committed 21248K, reserved 1067008K
  class space    used 2605K, capacity 2781K, committed 2816K, reserved 1048576K
}
Event: 2.300 GC heap before
{Heap before GC invocations=8 (full 1):
 PSYoungGen      total 71168K, used 64512K [0x00000000eac00000, 0x00000000efb00000, 0x0000000100000000)
  eden space 64512K, 100% used [0x00000000eac00000,0x00000000eeb00000,0x00000000eeb00000)
  from space 6656K, 0% used [0x00000000ef280000,0x00000000ef280000,0x00000000ef900000)
  to   space 7680K, 0% used [0x00000000eeb00000,0x00000000eeb00000,0x00000000ef280000)
 ParOldGen       total 37888K, used 10090K [0x00000000c0400000, 0x00000000c2900000, 0x00000000eac00000)
  object space 37888K, 26% used [0x00000000c0400000,0x00000000c0dda930,0x00000000c2900000)
 Metaspace       used 27649K, capacity 28486K, committed 28672K, reserved 1075200K
  class space    used 3546K, capacity 3738K, committed 3840K, reserved 1048576K
Event: 2.334 GC heap after
Heap after GC invocations=8 (full 1):
 PSYoungGen      total 72192K, used 7654K [0x00000000eac00000, 0x00000000f2500000, 0x0000000100000000)
  eden space 64512K, 0% used [0x00000000eac00000,0x00000000eac00000,0x00000000eeb00000)
  from space 7680K, 99% used [0x00000000eeb00000,0x00000000ef279b70,0x00000000ef280000)
  to   space 10240K, 0% used [0x00000000f1b00000,0x00000000f1b00000,0x00000000f2500000)
 ParOldGen       total 37888K, used 13189K [0x00000000c0400000, 0x00000000c2900000, 0x00000000eac00000)
  object space 37888K, 34% used [0x00000000c0400000,0x00000000c10e1648,0x00000000c2900000)
 Metaspace       used 27649K, capacity 28486K, committed 28672K, reserved 1075200K
  class space    used 3546K, capacity 3738K, committed 3840K, reserved 1048576K
}
Event: 3.032 GC heap before
{Heap before GC invocations=9 (full 1):
 PSYoungGen      total 72192K, used 72166K [0x00000000eac00000, 0x00000000f2500000, 0x0000000100000000)
  eden space 64512K, 100% used [0x00000000eac00000,0x00000000eeb00000,0x00000000eeb00000)
  from space 7680K, 99% used [0x00000000eeb00000,0x00000000ef279b70,0x00000000ef280000)
  to   space 10240K, 0% used [0x00000000f1b00000,0x00000000f1b00000,0x00000000f2500000)
 ParOldGen       total 37888K, used 13189K [0x00000000c0400000, 0x00000000c2900000, 0x00000000eac00000)
  object space 37888K, 34% used [0x00000000c0400000,0x00000000c10e1648,0x00000000c2900000)
 Metaspace       used 29184K, capacity 30202K, committed 30336K, reserved 1075200K
  class space    used 3729K, capacity 3950K, committed 3968K, reserved 1048576K
Event: 3.059 GC heap after
Heap after GC invocations=9 (full 1):
 PSYoungGen      total 112640K, used 9367K [0x00000000eac00000, 0x00000000f2780000, 0x0000000100000000)
  eden space 102400K, 0% used [0x00000000eac00000,0x00000000eac00000,0x00000000f1000000)
  from space 10240K, 91% used [0x00000000f1b00000,0x00000000f2425de8,0x00000000f2500000)
  to   space 11264K, 0% used [0x00000000f1000000,0x00000000f1000000,0x00000000f1b00000)
 ParOldGen       total 37888K, used 13197K [0x00000000c0400000, 0x00000000c2900000, 0x00000000eac00000)
  object space 37888K, 34% used [0x00000000c0400000,0x00000000c10e3648,0x00000000c2900000)
 Metaspace       used 29184K, capacity 30202K, committed 30336K, reserved 1075200K
  class space    used 3729K, capacity 3950K, committed 3968K, reserved 1048576K
}
Event: 3.957 GC heap before
{Heap before GC invocations=10 (full 1):
 PSYoungGen      total 112640K, used 111767K [0x00000000eac00000, 0x00000000f2780000, 0x0000000100000000)
  eden space 102400K, 100% used [0x00000000eac00000,0x00000000f1000000,0x00000000f1000000)
  from space 10240K, 91% used [0x00000000f1b00000,0x00000000f2425de8,0x00000000f2500000)
  to   space 11264K, 0% used [0x00000000f1000000,0x00000000f1000000,0x00000000f1b00000)
 ParOldGen       total 37888K, used 13197K [0x00000000c0400000, 0x00000000c2900000, 0x00000000eac00000)
  object space 37888K, 34% used [0x00000000c0400000,0x00000000c10e3648,0x00000000c2900000)
 Metaspace       used 31216K, capacity 32356K, committed 32512K, reserved 1077248K
  class space    used 4039K, capacity 4269K, committed 4352K, reserved 1048576K
Event: 3.968 GC heap after
Heap after GC invocations=10 (full 1):
 PSYoungGen      total 113664K, used 11233K [0x00000000eac00000, 0x00000000f2780000, 0x0000000100000000)
  eden space 102400K, 0% used [0x00000000eac00000,0x00000000eac00000,0x00000000f1000000)
  from space 11264K, 99% used [0x00000000f1000000,0x00000000f1af86c0,0x00000000f1b00000)
  to   space 10240K, 0% used [0x00000000f1b00000,0x00000000f1b00000,0x00000000f2500000)
 ParOldGen       total 37888K, used 14570K [0x00000000c0400000, 0x00000000c2900000, 0x00000000eac00000)
  object space 37888K, 38% used [0x00000000c0400000,0x00000000c123a8b8,0x00000000c2900000)
 Metaspace       used 31216K, capacity 32356K, committed 32512K, reserved 1077248K
  class space    used 4039K, capacity 4269K, committed 4352K, reserved 1048576K
}

Deoptimization events (10 events):
Event: 4.178 Thread 0x00000000588b2000 Uncommon trap: reason=unhandled action=none pc=0x00000000033deb74 method=java.net.URLClassLoader.findClass(Ljava/lang/String;)Ljava/lang/Class; @ 44
Event: 4.178 Thread 0x00000000588b2000 Uncommon trap: reason=unhandled action=none pc=0x0000000002ecf0c8 method=java.net.URLClassLoader.findClass(Ljava/lang/String;)Ljava/lang/Class; @ 44
Event: 4.179 Thread 0x00000000588b2000 Uncommon trap: reason=unhandled action=none pc=0x00000000033deb74 method=java.net.URLClassLoader.findClass(Ljava/lang/String;)Ljava/lang/Class; @ 44
Event: 4.179 Thread 0x00000000588b2000 Uncommon trap: reason=unhandled action=none pc=0x0000000002ecf0c8 method=java.net.URLClassLoader.findClass(Ljava/lang/String;)Ljava/lang/Class; @ 44
Event: 4.180 Thread 0x00000000588b2000 Uncommon trap: reason=unhandled action=none pc=0x0000000002ecf0c8 method=java.net.URLClassLoader.findClass(Ljava/lang/String;)Ljava/lang/Class; @ 44
Event: 4.180 Thread 0x00000000588b2000 Uncommon trap: reason=unhandled action=none pc=0x0000000002ecf0c8 method=java.net.URLClassLoader.findClass(Ljava/lang/String;)Ljava/lang/Class; @ 44
Event: 4.181 Thread 0x00000000588b2000 Uncommon trap: reason=unhandled action=none pc=0x0000000002ecf0c8 method=java.net.URLClassLoader.findClass(Ljava/lang/String;)Ljava/lang/Class; @ 44
Event: 4.181 Thread 0x00000000588b2000 Uncommon trap: reason=unhandled action=none pc=0x0000000002ecf0c8 method=java.net.URLClassLoader.findClass(Ljava/lang/String;)Ljava/lang/Class; @ 44
Event: 4.181 Thread 0x00000000588b2000 Uncommon trap: reason=unhandled action=none pc=0x0000000002ecf0c8 method=java.net.URLClassLoader.findClass(Ljava/lang/String;)Ljava/lang/Class; @ 44
Event: 4.183 Thread 0x00000000588b2000 Uncommon trap: reason=unhandled action=none pc=0x00000000033deb74 method=java.net.URLClassLoader.findClass(Ljava/lang/String;)Ljava/lang/Class; @ 44

Classes redefined (0 events):
No events

Internal exceptions (10 events):
Event: 3.910 Thread 0x00000000588b2000 Exception <a 'java/lang/ArrayIndexOutOfBoundsException': 199> (0x00000000f09b2c70) thrown at [C:\re\workspace\8-2-build-windows-amd64-cygwin\jdk8u181\11358\hotspot\src\share\vm\interpreter\interpreterRuntime.cpp, line 366]
Event: 3.926 Thread 0x00000000588b2000 Exception <a 'java/lang/ArrayIndexOutOfBoundsException': 264> (0x00000000f0bc6c20) thrown at [C:\re\workspace\8-2-build-windows-amd64-cygwin\jdk8u181\11358\hotspot\src\share\vm\interpreter\interpreterRuntime.cpp, line 366]
Event: 4.066 Thread 0x00000000588b2000 Exception <a 'java/lang/ArrayIndexOutOfBoundsException': 256> (0x00000000eafd0eb8) thrown at [C:\re\workspace\8-2-build-windows-amd64-cygwin\jdk8u181\11358\hotspot\src\share\vm\interpreter\interpreterRuntime.cpp, line 366]
Event: 4.075 Thread 0x00000000588b2000 Exception <a 'java/lang/ArrayIndexOutOfBoundsException': 166> (0x00000000eb0ba770) thrown at [C:\re\workspace\8-2-build-windows-amd64-cygwin\jdk8u181\11358\hotspot\src\share\vm\interpreter\interpreterRuntime.cpp, line 366]
Event: 4.078 Thread 0x00000000588b2000 Exception <a 'java/lang/ArrayIndexOutOfBoundsException': 319> (0x00000000eb1273b0) thrown at [C:\re\workspace\8-2-build-windows-amd64-cygwin\jdk8u181\11358\hotspot\src\share\vm\interpreter\interpreterRuntime.cpp, line 366]
Event: 4.096 Thread 0x00000000588b2000 Exception <a 'java/lang/ArrayIndexOutOfBoundsException': 239> (0x00000000eb351ba0) thrown at [C:\re\workspace\8-2-build-windows-amd64-cygwin\jdk8u181\11358\hotspot\src\share\vm\interpreter\interpreterRuntime.cpp, line 366]
Event: 4.097 Thread 0x00000000588b2000 Exception <a 'java/lang/ArrayIndexOutOfBoundsException': 159> (0x00000000eb36c3e8) thrown at [C:\re\workspace\8-2-build-windows-amd64-cygwin\jdk8u181\11358\hotspot\src\share\vm\interpreter\interpreterRuntime.cpp, line 366]
Event: 4.114 Thread 0x00000000588b2000 Exception <a 'java/lang/ArrayIndexOutOfBoundsException': 157> (0x00000000eb575e68) thrown at [C:\re\workspace\8-2-build-windows-amd64-cygwin\jdk8u181\11358\hotspot\src\share\vm\interpreter\interpreterRuntime.cpp, line 366]
Event: 4.120 Thread 0x00000000588b2000 Exception <a 'java/lang/ArrayIndexOutOfBoundsException': 204> (0x00000000eb5fe5e0) thrown at [C:\re\workspace\8-2-build-windows-amd64-cygwin\jdk8u181\11358\hotspot\src\share\vm\interpreter\interpreterRuntime.cpp, line 366]
Event: 4.147 Thread 0x00000000588b2000 Exception <a 'java/lang/ArrayIndexOutOfBoundsException': 252> (0x00000000eb8e7540) thrown at [C:\re\workspace\8-2-build-windows-amd64-cygwin\jdk8u181\11358\hotspot\src\share\vm\interpreter\interpreterRuntime.cpp, line 366]

Events (10 events):
Event: 4.181 Thread 0x00000000588b2000 DEOPT UNPACKING pc=0x000000000294583b sp=0x0000000056d6aeb8 mode 2
Event: 4.181 loading class org/aopalliance/intercept/Interceptor
Event: 4.181 loading class org/aopalliance/intercept/Interceptor done
Event: 4.181 Thread 0x00000000588b2000 Uncommon trap: trap_request=0xffffffa7 fr.pc=0x0000000002ecf0c8
Event: 4.181 Thread 0x00000000588b2000 DEOPT PACKING pc=0x0000000002ecf0c8 sp=0x0000000056d68af0
Event: 4.181 Thread 0x00000000588b2000 DEOPT UNPACKING pc=0x000000000294583b sp=0x0000000056d689e8 mode 2
Event: 4.183 Thread 0x00000000588b2000 Uncommon trap: trap_request=0xffffffa7 fr.pc=0x00000000033deb74
Event: 4.183 Thread 0x00000000588b2000 DEOPT PACKING pc=0x00000000033deb74 sp=0x0000000056d6dba0
Event: 4.183 Thread 0x00000000588b2000 DEOPT UNPACKING pc=0x000000000294583b sp=0x0000000056d6dad0 mode 2
Event: 4.228 loading class java/util/WeakHashMap$EntrySet


Dynamic libraries:
0x000000013f440000 - 0x000000013f477000 	C:\Java\jdk1.8.0_181\bin\javaw.exe
0x0000000077af0000 - 0x0000000077c9a000 	C:\Windows\SYSTEM32\ntdll.dll
0x00000000779d0000 - 0x0000000077aef000 	C:\Windows\system32\kernel32.dll
0x000007fefdba0000 - 0x000007fefdc0a000 	C:\Windows\system32\KERNELBASE.dll
0x000007fefe080000 - 0x000007fefe15b000 	C:\Windows\system32\ADVAPI32.dll
0x000007fefded0000 - 0x000007fefdf6f000 	C:\Windows\system32\msvcrt.dll
0x000007fefdea0000 - 0x000007fefdebf000 	C:\Windows\SYSTEM32\sechost.dll
0x000007fefee20000 - 0x000007fefef4d000 	C:\Windows\system32\RPCRT4.dll
0x00000000778d0000 - 0x00000000779ca000 	C:\Windows\system32\USER32.dll
0x000007fefef60000 - 0x000007fefefc7000 	C:\Windows\system32\GDI32.dll
0x000007fefdec0000 - 0x000007fefdece000 	C:\Windows\system32\LPK.dll
0x000007fefe160000 - 0x000007fefe22b000 	C:\Windows\system32\USP10.dll
0x000007fefb740000 - 0x000007fefb934000 	C:\Windows\WinSxS\amd64_microsoft.windows.common-controls_6595b64144ccf1df_6.0.7601.18837_none_fa3b1e3d17594757\COMCTL32.dll
0x000007fefec10000 - 0x000007fefec81000 	C:\Windows\system32\SHLWAPI.dll
0x000007fefe630000 - 0x000007fefe65e000 	C:\Windows\system32\IMM32.DLL
0x000007fefdf70000 - 0x000007fefe079000 	C:\Windows\system32\MSCTF.dll
0x000000006d7b0000 - 0x000000006d882000 	C:\Java\jdk1.8.0_181\jre\bin\msvcr100.dll
0x000000006cf00000 - 0x000000006d7a2000 	C:\Java\jdk1.8.0_181\jre\bin\server\jvm.dll
0x000007fefc4c0000 - 0x000007fefc4c9000 	C:\Windows\system32\WSOCK32.dll
0x000007fefde50000 - 0x000007fefde9d000 	C:\Windows\system32\WS2_32.dll
0x000007fefef50000 - 0x000007fefef58000 	C:\Windows\system32\NSI.dll
0x000007fef98b0000 - 0x000007fef98eb000 	C:\Windows\system32\WINMM.dll
0x000007fefc830000 - 0x000007fefc83c000 	C:\Windows\system32\VERSION.dll
0x0000000077cb0000 - 0x0000000077cb7000 	C:\Windows\system32\PSAPI.DLL
0x0000000072de0000 - 0x0000000072def000 	C:\Java\jdk1.8.0_181\jre\bin\verify.dll
0x000000006d940000 - 0x000000006d969000 	C:\Java\jdk1.8.0_181\jre\bin\java.dll
0x000000006d900000 - 0x000000006d935000 	C:\Java\jdk1.8.0_181\jre\bin\jdwp.dll
0x0000000074330000 - 0x0000000074338000 	C:\Java\jdk1.8.0_181\jre\bin\npt.dll
0x00000000724c0000 - 0x00000000724d6000 	C:\Java\jdk1.8.0_181\jre\bin\zip.dll
0x000007feff070000 - 0x000007feffdfb000 	C:\Windows\system32\SHELL32.dll
0x000007fefe930000 - 0x000007fefeb2c000 	C:\Windows\system32\ole32.dll
0x000007fefd8c0000 - 0x000007fefd8cf000 	C:\Windows\system32\profapi.dll
0x0000000072ac0000 - 0x0000000072ac9000 	C:\Java\jdk1.8.0_181\jre\bin\dt_socket.dll
0x000007fefc440000 - 0x000007fefc455000 	C:\Windows\system32\NLAapi.dll
0x000007fefa600000 - 0x000007fefa615000 	C:\Windows\system32\napinsp.dll
0x000007fef1a10000 - 0x000007fef1a29000 	C:\Windows\system32\pnrpnsp.dll
0x000007fefd040000 - 0x000007fefd095000 	C:\Windows\System32\mswsock.dll
0x000007fefcec0000 - 0x000007fefcf1b000 	C:\Windows\system32\DNSAPI.dll
0x000007fef1a00000 - 0x000007fef1a0b000 	C:\Windows\System32\winrnr.dll
0x000007fefbac0000 - 0x000007fefbae7000 	C:\Windows\system32\IPHLPAPI.DLL
0x000007fefbab0000 - 0x000007fefbabb000 	C:\Windows\system32\WINNSI.DLL
0x000007fefb940000 - 0x000007fefb993000 	C:\Windows\System32\fwpuclnt.dll
0x000007fef5bc0000 - 0x000007fef5bc8000 	C:\Windows\system32\rasadhlp.dll
0x000007fefc770000 - 0x000007fefc777000 	C:\Windows\System32\wshtcpip.dll
0x0000000072ab0000 - 0x0000000072abd000 	C:\Java\jdk1.8.0_181\jre\bin\management.dll
0x000000006d8e0000 - 0x000000006d8fa000 	C:\Java\jdk1.8.0_181\jre\bin\net.dll
0x000007fefd030000 - 0x000007fefd037000 	C:\Windows\System32\wship6.dll
0x000000006d8c0000 - 0x000000006d8d1000 	C:\Java\jdk1.8.0_181\jre\bin\nio.dll
0x000007fefd0a0000 - 0x000007fefd0b8000 	C:\Windows\system32\CRYPTSP.dll
0x000007fefcda0000 - 0x000007fefcde7000 	C:\Windows\system32\rsaenh.dll
0x000007fefd8d0000 - 0x000007fefd8ee000 	C:\Windows\system32\USERENV.dll
0x000007fefd750000 - 0x000007fefd75f000 	C:\Windows\system32\CRYPTBASE.dll
0x000007fefb690000 - 0x000007fefb6a1000 	C:\Windows\system32\dhcpcsvc6.DLL
0x000007fefb630000 - 0x000007fefb648000 	C:\Windows\system32\dhcpcsvc.DLL

VM Arguments:
jvm_args: -agentlib:jdwp=transport=dt_socket,suspend=y,address=localhost:51611 -Dcom.sun.management.jmxremote -Dcom.sun.management.jmxremote.port=51610 -Dcom.sun.management.jmxremote.authenticate=false -Dcom.sun.management.jmxremote.ssl=false -Dspring.liveBeansView.mbeanDomain -Dspring.application.admin.enabled=true -Dfile.encoding=UTF-8 
java_command: org.ys.CmsTurbineApp
java_class_path (initial): D:\MyEclipse2014Workspace\microservice\cms-turbine\target\classes;C:\Users\Administrator\.m2\repository\org\springframework\boot\spring-boot-starter-web\2.0.2.RELEASE\spring-boot-starter-web-2.0.2.RELEASE.jar;C:\Users\Administrator\.m2\repository\org\springframework\boot\spring-boot-starter\2.0.2.RELEASE\spring-boot-starter-2.0.2.RELEASE.jar;C:\Users\Administrator\.m2\repository\org\springframework\boot\spring-boot-starter-logging\2.0.2.RELEASE\spring-boot-starter-logging-2.0.2.RELEASE.jar;C:\Users\Administrator\.m2\repository\ch\qos\logback\logback-classic\1.2.3\logback-classic-1.2.3.jar;C:\Users\Administrator\.m2\repository\ch\qos\logback\logback-core\1.2.3\logback-core-1.2.3.jar;C:\Users\Administrator\.m2\repository\org\apache\logging\log4j\log4j-to-slf4j\2.10.0\log4j-to-slf4j-2.10.0.jar;C:\Users\Administrator\.m2\repository\org\apache\logging\log4j\log4j-api\2.10.0\log4j-api-2.10.0.jar;C:\Users\Administrator\.m2\repository\org\slf4j\jul-to-slf4j\1.7.25\jul-to-slf4j-1.7.25.jar;C:\Users\Administrator\.m2\repository\javax\annotation\javax.annotation-api\1.3.2\javax.annotation-api-1.3.2.jar;C:\Users\Administrator\.m2\repository\org\springframework\spring-core\5.0.6.RELEASE\spring-core-5.0.6.RELEASE.jar;C:\Users\Administrator\.m2\repository\org\springframework\spring-jcl\5.0.6.RELEASE\spring-jcl-5.0.6.RELEASE.jar;C:\Users\Administrator\.m2\repository\org\yaml\snakeyaml\1.19\snakeyaml-1.19.jar;C:\Users\Administrator\.m2\repository\org\springframework\boot\spring-boot-starter-json\2.0.2.RELEASE\spring-boot-starter-json-2.0.2.RELEASE.jar;C:\Users\Administrator\.m2\repository\com\fasterxml\jackson\core\jackson-databind\2.9.5\jackson-databind-2.9.5.jar;C:\Users\Administrator\.m2\repository\com\fasterxml\jackson\datatype\jackson-datatype-jdk8\2.9.5\jackson-datatype-jdk8-2.9.5.jar;C:\Users\Administrator\.m2\repository\com\fasterxml\jackson\datatype\jackson-datatype-jsr310\2.9.5\jackson-datatype-jsr310-2.9.5.jar;C:\Users\Administrator\.m2\reposit
Launcher Type: SUN_STANDARD

Environment Variables:
JAVA_HOME=C:\Java\jdk1.8.0_181
PATH=C:\Java\jdk1.8.0_181\jre\bin;C:\Program Files (x86)\Common Files\Oracle\Java\javapath;C:\Windows\system32;C:\Windows;C:\Windows\System32\Wbem;C:\Windows\System32\WindowsPowerShell\v1.0\;C:\Program Files (x86)\NVIDIA Corporation\PhysX\Common;C:\Git\cmd;C:\Java\jdk1.8.0_181\bin;C:\apache-maven-3.2.5\bin;C:\Program Files (x86)\Common Files\Thunder Network\KanKan\Codecs
USERNAME=Administrator
OS=Windows_NT
PROCESSOR_IDENTIFIER=Intel64 Family 6 Model 42 Stepping 7, GenuineIntel



---------------  S Y S T E M  ---------------

OS: Windows 7 , 64 bit Build 7601 (6.1.7601.23807)

CPU:total 4 (initial active 4) (4 cores per cpu, 1 threads per core) family 6 model 42 stepping 7, cmov, cx8, fxsr, mmx, sse, sse2, sse3, ssse3, sse4.1, sse4.2, popcnt, avx, aes, clmul, tsc, tscinvbit

Memory: 4k page, physical 4176544k(326580k free), swap 8368636k(7732k free)

vm_info: Java HotSpot(TM) 64-Bit Server VM (25.181-b13) for windows-amd64 JRE (1.8.0_181-b13), built on Jul  7 2018 04:01:33 by "java_re" with MS VC++ 10.0 (VS2010)

time: Tue Oct 09 22:14:20 2018
elapsed time: 5 seconds (0d 0h 0m 5s)

